<?xml version="1.0" encoding="UTF-8"?>
<coverage generated="1756974152742" clover="3.2.0">
  <project timestamp="1756974152742" name="All files">
    <metrics statements="13" coveredstatements="13" conditionals="1" coveredconditionals="0" methods="4" coveredmethods="4" elements="18" coveredelements="17" complexity="0" loc="13" ncloc="13" packages="1" files="1" classes="1"/>
    <file name="animal.js" path="C:\Users\moogl\OneDrive\Dokument\Restory Scandinavia\chas\avanceradFrontend\exempelkod\typeScript2\dist\modules\animal.js">
      <metrics statements="13" coveredstatements="13" conditionals="1" coveredconditionals="0" methods="4" coveredmethods="4"/>
      <line num="2" count="1" type="stmt"/>
      <line num="3" count="1" type="stmt"/>
      <line num="9" count="8" type="stmt"/>
      <line num="10" count="8" type="stmt"/>
      <line num="13" count="8" type="stmt"/>
      <line num="14" count="8" type="stmt"/>
      <line num="15" count="8" type="stmt"/>
      <line num="16" count="8" type="stmt"/>
      <line num="19" count="2" type="stmt"/>
      <line num="22" count="2" type="stmt"/>
      <line num="25" count="2" type="stmt"/>
      <line num="26" count="2" type="stmt"/>
      <line num="29" count="1" type="stmt"/>
    </file>
  </project>
</coverage>
