{"C:\\Users\\moogl\\OneDrive\\Dokument\\Restory Scandinavia\\chas\\avanceradFrontend\\exempelkod\\typeScript2\\dist\\modules\\animal.js": {"path":"C:\\Users\\moogl\\OneDrive\\Dokument\\Restory Scandinavia\\chas\\avanceradFrontend\\exempelkod\\typeScript2\\dist\\modules\\animal.js","statementMap":{"0":{"start":{"line":2,"column":0},"end":{"line":2,"column":62}},"1":{"start":{"line":3,"column":0},"end":{"line":3,"column":24}},"2":{"start":{"line":9,"column":13},"end":{"line":9,"column":17}},"3":{"start":{"line":10,"column":21},"end":{"line":10,"column":25}},"4":{"start":{"line":13,"column":8},"end":{"line":13,"column":25}},"5":{"start":{"line":14,"column":8},"end":{"line":14,"column":23}},"6":{"start":{"line":15,"column":8},"end":{"line":15,"column":31}},"7":{"start":{"line":16,"column":8},"end":{"line":16,"column":29}},"8":{"start":{"line":19,"column":8},"end":{"line":19,"column":45}},"9":{"start":{"line":22,"column":8},"end":{"line":22,"column":73}},"10":{"start":{"line":25,"column":8},"end":{"line":25,"column":28}},"11":{"start":{"line":26,"column":8},"end":{"line":26,"column":25}},"12":{"start":{"line":29,"column":0},"end":{"line":29,"column":24}}},"fnMap":{"0":{"name":"(anonymous_0)","decl":{"start":{"line":12,"column":4},"end":{"line":12,"column":5}},"loc":{"start":{"line":12,"column":51},"end":{"line":17,"column":5}},"line":12},"1":{"name":"(anonymous_1)","decl":{"start":{"line":18,"column":4},"end":{"line":18,"column":5}},"loc":{"start":{"line":18,"column":16},"end":{"line":20,"column":5}},"line":18},"2":{"name":"(anonymous_2)","decl":{"start":{"line":21,"column":4},"end":{"line":21,"column":5}},"loc":{"start":{"line":21,"column":11},"end":{"line":23,"column":5}},"line":21},"3":{"name":"(anonymous_3)","decl":{"start":{"line":24,"column":4},"end":{"line":24,"column":5}},"loc":{"start":{"line":24,"column":24},"end":{"line":27,"column":5}},"line":24}},"branchMap":{"0":{"loc":{"start":{"line":12,"column":36},"end":{"line":12,"column":49}},"type":"default-arg","locations":[{"start":{"line":12,"column":45},"end":{"line":12,"column":49}}],"line":12}},"s":{"0":1,"1":1,"2":8,"3":8,"4":8,"5":8,"6":8,"7":8,"8":2,"9":2,"10":2,"11":2,"12":1},"f":{"0":8,"1":2,"2":2,"3":2},"b":{"0":[0]},"_coverageSchema":"1a1c01bbd47fc00a2c39e90264f33305004495a9","hash":"119e0d5d0049956354a19af81af48f1d4cb5aba5"}
}
